<?xml version="1.0" encoding="UTF-8"?>
<!-- Generated by org.testng.reporters.JUnitReportReporter -->
<testsuite hostname="CGI-D33403" name="com.ChildWelfare.Testcases.Sprint1.TC02_Disallow_Login" tests="4" failures="0" timestamp="14 Feb 2017 01:08:41 GMT" time="16.180" errors="0">
  <testcase name="DisallowLogin_UnregisterUser" time="3.705" classname="com.ChildWelfare.Testcases.Sprint1.TC02_Disallow_Login"/>
  <testcase name="DisallowLogin_EmptyPassword" time="4.167" classname="com.ChildWelfare.Testcases.Sprint1.TC02_Disallow_Login"/>
  <testcase name="DisallowLogin_EmptyUserNamePassword" time="3.809" classname="com.ChildWelfare.Testcases.Sprint1.TC02_Disallow_Login"/>
  <testcase name="DisallowLogin_EmptyUsername" time="4.499" classname="com.ChildWelfare.Testcases.Sprint1.TC02_Disallow_Login"/>
</testsuite> <!-- com.ChildWelfare.Testcases.Sprint1.TC02_Disallow_Login -->
