<?xml version="1.0" encoding="UTF-8"?>
<!-- Generated by org.testng.reporters.JUnitReportReporter -->
<testsuite hostname="CGI-D33403" name="com.ChildWelfare.Testcases.Sprint1.TC02_Disallow_Login" tests="4" failures="0" timestamp="14 Feb 2017 01:15:53 GMT" time="15.059" errors="0">
  <testcase name="DisallowLogin_EmptyUserNamePassword" time="3.736" classname="com.ChildWelfare.Testcases.Sprint1.TC02_Disallow_Login"/>
  <testcase name="DisallowLogin_EmptyUsername" time="3.681" classname="com.ChildWelfare.Testcases.Sprint1.TC02_Disallow_Login"/>
  <testcase name="DisallowLogin_EmptyPassword" time="3.880" classname="com.ChildWelfare.Testcases.Sprint1.TC02_Disallow_Login"/>
  <testcase name="DisallowLogin_UnregisterUser" time="3.762" classname="com.ChildWelfare.Testcases.Sprint1.TC02_Disallow_Login"/>
</testsuite> <!-- com.ChildWelfare.Testcases.Sprint1.TC02_Disallow_Login -->
