<?xml version="1.0" encoding="UTF-8"?>
<!-- Generated by org.testng.reporters.JUnitReportReporter -->
<testsuite hostname="CGI-D33403" name="com.ChildWelfare.Testcases.Sprint1.TC01_AllowLogin" tests="1" failures="0" timestamp="14 Feb 2017 01:15:53 GMT" time="0.538" errors="0">
  <testcase name="AllowsLogin_Sucess" time="0.538" classname="com.ChildWelfare.Testcases.Sprint1.TC01_AllowLogin"/>
</testsuite> <!-- com.ChildWelfare.Testcases.Sprint1.TC01_AllowLogin -->
